Determining if the pthread_create exist failed with the following output:
Change Dir: /home/fftai/Documents/windows_shared_folder/class_udacity_robot_engineer/udacity-robot_software_engineer/udacity_project_buildmyworld/world/build/CMakeFiles/CMakeTmp

Run Build Command:"/usr/bin/make" "cmTC_da94e/fast"
/usr/bin/make -f CMakeFiles/cmTC_da94e.dir/build.make CMakeFiles/cmTC_da94e.dir/build
make[1]: Entering directory '/home/fftai/Documents/windows_shared_folder/class_udacity_robot_engineer/udacity-robot_software_engineer/udacity_project_buildmyworld/world/build/CMakeFiles/CMakeTmp'
Building C object CMakeFiles/cmTC_da94e.dir/CheckSymbolExists.c.o
/usr/bin/cc     -o CMakeFiles/cmTC_da94e.dir/CheckSymbolExists.c.o   -c /home/fftai/Documents/windows_shared_folder/class_udacity_robot_engineer/udacity-robot_software_engineer/udacity_project_buildmyworld/world/build/CMakeFiles/CMakeTmp/CheckSymbolExists.c
Linking C executable cmTC_da94e
/usr/bin/cmake -E cmake_link_script CMakeFiles/cmTC_da94e.dir/link.txt --verbose=1
/usr/bin/cc       CMakeFiles/cmTC_da94e.dir/CheckSymbolExists.c.o  -o cmTC_da94e -rdynamic 
CMakeFiles/cmTC_da94e.dir/CheckSymbolExists.c.o: In function `main':
CheckSymbolExists.c:(.text+0x16): undefined reference to `pthread_create'
collect2: error: ld returned 1 exit status
CMakeFiles/cmTC_da94e.dir/build.make:97: recipe for target 'cmTC_da94e' failed
make[1]: *** [cmTC_da94e] Error 1
make[1]: Leaving directory '/home/fftai/Documents/windows_shared_folder/class_udacity_robot_engineer/udacity-robot_software_engineer/udacity_project_buildmyworld/world/build/CMakeFiles/CMakeTmp'
Makefile:126: recipe for target 'cmTC_da94e/fast' failed
make: *** [cmTC_da94e/fast] Error 2

File /home/fftai/Documents/windows_shared_folder/class_udacity_robot_engineer/udacity-robot_software_engineer/udacity_project_buildmyworld/world/build/CMakeFiles/CMakeTmp/CheckSymbolExists.c:
/* */
#include <pthread.h>

int main(int argc, char** argv)
{
  (void)argv;
#ifndef pthread_create
  return ((int*)(&pthread_create))[argc];
#else
  (void)argc;
  return 0;
#endif
}

Determining if the function pthread_create exists in the pthreads failed with the following output:
Change Dir: /home/fftai/Documents/windows_shared_folder/class_udacity_robot_engineer/udacity-robot_software_engineer/udacity_project_buildmyworld/world/build/CMakeFiles/CMakeTmp

Run Build Command:"/usr/bin/make" "cmTC_b9654/fast"
/usr/bin/make -f CMakeFiles/cmTC_b9654.dir/build.make CMakeFiles/cmTC_b9654.dir/build
make[1]: Entering directory '/home/fftai/Documents/windows_shared_folder/class_udacity_robot_engineer/udacity-robot_software_engineer/udacity_project_buildmyworld/world/build/CMakeFiles/CMakeTmp'
Building C object CMakeFiles/cmTC_b9654.dir/CheckFunctionExists.c.o
/usr/bin/cc    -DCHECK_FUNCTION_EXISTS=pthread_create   -o CMakeFiles/cmTC_b9654.dir/CheckFunctionExists.c.o   -c /usr/share/cmake-3.5/Modules/CheckFunctionExists.c
Linking C executable cmTC_b9654
/usr/bin/cmake -E cmake_link_script CMakeFiles/cmTC_b9654.dir/link.txt --verbose=1
/usr/bin/cc   -DCHECK_FUNCTION_EXISTS=pthread_create    CMakeFiles/cmTC_b9654.dir/CheckFunctionExists.c.o  -o cmTC_b9654 -rdynamic -lpthreads 
/usr/bin/ld: cannot find -lpthreads
collect2: error: ld returned 1 exit status
CMakeFiles/cmTC_b9654.dir/build.make:97: recipe for target 'cmTC_b9654' failed
make[1]: *** [cmTC_b9654] Error 1
make[1]: Leaving directory '/home/fftai/Documents/windows_shared_folder/class_udacity_robot_engineer/udacity-robot_software_engineer/udacity_project_buildmyworld/world/build/CMakeFiles/CMakeTmp'
Makefile:126: recipe for target 'cmTC_b9654/fast' failed
make: *** [cmTC_b9654/fast] Error 2


