Determining if the pthread_create exist failed with the following output:
Change Dir: /home/fftai/Documents/Robot-ROS/udacity_project_gochaseit/build/CMakeFiles/CMakeTmp

Run Build Command:"/usr/bin/make" "cmTC_046ed/fast"
/usr/bin/make -f CMakeFiles/cmTC_046ed.dir/build.make CMakeFiles/cmTC_046ed.dir/build
make[1]: Entering directory '/home/fftai/Documents/Robot-ROS/udacity_project_gochaseit/build/CMakeFiles/CMakeTmp'
Building C object CMakeFiles/cmTC_046ed.dir/CheckSymbolExists.c.o
/usr/bin/cc    -o CMakeFiles/cmTC_046ed.dir/CheckSymbolExists.c.o   -c /home/fftai/Documents/Robot-ROS/udacity_project_gochaseit/build/CMakeFiles/CMakeTmp/CheckSymbolExists.c
Linking C executable cmTC_046ed
/usr/bin/cmake -E cmake_link_script CMakeFiles/cmTC_046ed.dir/link.txt --verbose=1
/usr/bin/cc      -rdynamic CMakeFiles/cmTC_046ed.dir/CheckSymbolExists.c.o  -o cmTC_046ed 
CMakeFiles/cmTC_046ed.dir/CheckSymbolExists.c.o: In function `main':
CheckSymbolExists.c:(.text+0x1b): undefined reference to `pthread_create'
collect2: error: ld returned 1 exit status
CMakeFiles/cmTC_046ed.dir/build.make:97: recipe for target 'cmTC_046ed' failed
make[1]: *** [cmTC_046ed] Error 1
make[1]: Leaving directory '/home/fftai/Documents/Robot-ROS/udacity_project_gochaseit/build/CMakeFiles/CMakeTmp'
Makefile:126: recipe for target 'cmTC_046ed/fast' failed
make: *** [cmTC_046ed/fast] Error 2

File /home/fftai/Documents/Robot-ROS/udacity_project_gochaseit/build/CMakeFiles/CMakeTmp/CheckSymbolExists.c:
/* */
#include <pthread.h>

int main(int argc, char** argv)
{
  (void)argv;
#ifndef pthread_create
  return ((int*)(&pthread_create))[argc];
#else
  (void)argc;
  return 0;
#endif
}

Determining if the function pthread_create exists in the pthreads failed with the following output:
Change Dir: /home/fftai/Documents/Robot-ROS/udacity_project_gochaseit/build/CMakeFiles/CMakeTmp

Run Build Command:"/usr/bin/make" "cmTC_7240e/fast"
/usr/bin/make -f CMakeFiles/cmTC_7240e.dir/build.make CMakeFiles/cmTC_7240e.dir/build
make[1]: Entering directory '/home/fftai/Documents/Robot-ROS/udacity_project_gochaseit/build/CMakeFiles/CMakeTmp'
Building C object CMakeFiles/cmTC_7240e.dir/CheckFunctionExists.c.o
/usr/bin/cc   -DCHECK_FUNCTION_EXISTS=pthread_create   -o CMakeFiles/cmTC_7240e.dir/CheckFunctionExists.c.o   -c /usr/share/cmake-3.10/Modules/CheckFunctionExists.c
Linking C executable cmTC_7240e
/usr/bin/cmake -E cmake_link_script CMakeFiles/cmTC_7240e.dir/link.txt --verbose=1
/usr/bin/cc  -DCHECK_FUNCTION_EXISTS=pthread_create    -rdynamic CMakeFiles/cmTC_7240e.dir/CheckFunctionExists.c.o  -o cmTC_7240e -lpthreads 
/usr/bin/ld: cannot find -lpthreads
collect2: error: ld returned 1 exit status
CMakeFiles/cmTC_7240e.dir/build.make:97: recipe for target 'cmTC_7240e' failed
make[1]: *** [cmTC_7240e] Error 1
make[1]: Leaving directory '/home/fftai/Documents/Robot-ROS/udacity_project_gochaseit/build/CMakeFiles/CMakeTmp'
Makefile:126: recipe for target 'cmTC_7240e/fast' failed
make: *** [cmTC_7240e/fast] Error 2


